{"numTotalTestSuites":23,"numPassedTestSuites":23,"numFailedTestSuites":0,"numPendingTestSuites":0,"numTotalTests":76,"numPassedTests":76,"numFailedTests":0,"numPendingTests":0,"numTodoTests":0,"snapshot":{"added":0,"failure":false,"filesAdded":0,"filesRemoved":0,"filesRemovedList":[],"filesUnmatched":0,"filesUpdated":0,"matched":0,"total":0,"unchecked":0,"uncheckedKeysByFile":[],"unmatched":0,"updated":0,"didUpdate":false},"startTime":1775613473777,"success":true,"testResults":[{"assertionResults":[{"ancestorTitles":["Boat Weekly Report Tests","Owner Report Constraints & Calculations"],"fullName":"Boat Weekly Report Tests Owner Report Constraints & Calculations Owner sees only their own boats","status":"passed","title":"Owner sees only their own boats","duration":4.607899999999972,"failureMessages":[],"meta":{},"tags":[]},{"ancestorTitles":["Boat Weekly Report Tests","Owner Report Constraints & Calculations"],"fullName":"Boat Weekly Report Tests Owner Report Constraints & Calculations Gross Sales = SUM(weight × rate) exactly","status":"passed","title":"Gross Sales = SUM(weight × rate) exactly","duration":0.6673000000000684,"failureMessages":[],"meta":{},"tags":[]},{"ancestorTitles":["Boat Weekly Report Tests","Owner Report Constraints & Calculations"],"fullName":"Boat Weekly Report Tests Owner Report Constraints & Calculations Agent commission deducted correctly","status":"passed","title":"Agent commission deducted correctly","duration":0.2694000000001324,"failureMessages":[],"meta":{},"tags":[]},{"ancestorTitles":["Boat Weekly Report Tests","Owner Report Constraints & Calculations"],"fullName":"Boat Weekly Report Tests Owner Report Constraints & Calculations Net payable = Gross - Commission - Bonus","status":"passed","title":"Net payable = Gross - Commission - Bonus","duration":0.30549999999993815,"failureMessages":[],"meta":{},"tags":[]},{"ancestorTitles":["Boat Weekly Report Tests","Owner Report Constraints & Calculations"],"fullName":"Boat Weekly Report Tests Owner Report Constraints & Calculations Bonus shown only when target is met","status":"passed","title":"Bonus shown only when target is met","duration":0.302199999999857,"failureMessages":[],"meta":{},"tags":[]},{"ancestorTitles":["Boat Weekly Report Tests","Owner Report Constraints & Calculations"],"fullName":"Boat Weekly Report Tests Owner Report Constraints & Calculations Owner cannot see another owners boat","status":"passed","title":"Owner cannot see another owners boat","duration":0.4292000000000371,"failureMessages":[],"meta":{},"tags":[]},{"ancestorTitles":["Boat Weekly Report Tests","Agent Report Constraints & Calculations"],"fullName":"Boat Weekly Report Tests Agent Report Constraints & Calculations Agent sees only their own catches","status":"passed","title":"Agent sees only their own catches","duration":0.5586000000000695,"failureMessages":[],"meta":{},"tags":[]},{"ancestorTitles":["Boat Weekly Report Tests","Agent Report Constraints & Calculations"],"fullName":"Boat Weekly Report Tests Agent Report Constraints & Calculations My commission = grossSales × rate / 100","status":"passed","title":"My commission = grossSales × rate / 100","duration":0.25309999999990396,"failureMessages":[],"meta":{},"tags":[]},{"ancestorTitles":["Boat Weekly Report Tests","Agent Report Constraints & Calculations"],"fullName":"Boat Weekly Report Tests Agent Report Constraints & Calculations Bonus added when sales target met","status":"passed","title":"Bonus added when sales target met","duration":0.2758000000001175,"failureMessages":[],"meta":{},"tags":[]},{"ancestorTitles":["Boat Weekly Report Tests","Agent Report Constraints & Calculations"],"fullName":"Boat Weekly Report Tests Agent Report Constraints & Calculations Zero catches week → all zeros, no crash","status":"passed","title":"Zero catches week → all zeros, no crash","duration":0.35990000000015243,"failureMessages":[],"meta":{},"tags":[]},{"ancestorTitles":["Boat Weekly Report Tests","Agent Report Constraints & Calculations"],"fullName":"Boat Weekly Report Tests Agent Report Constraints & Calculations Daily totals sum to weekly gross correctly","status":"passed","title":"Daily totals sum to weekly gross correctly","duration":0.22630000000003747,"failureMessages":[],"meta":{},"tags":[]},{"ancestorTitles":["Boat Weekly Report Tests","PDF & Localization Assertions"],"fullName":"Boat Weekly Report Tests PDF & Localization Assertions PDF matches exact UI totals","status":"passed","title":"PDF matches exact UI totals","duration":0.1406000000001768,"failureMessages":[],"meta":{},"tags":[]},{"ancestorTitles":["Boat Weekly Report Tests","PDF & Localization Assertions"],"fullName":"Boat Weekly Report Tests PDF & Localization Assertions ₹ Indian formatting correct in PDF","status":"passed","title":"₹ Indian formatting correct in PDF","duration":24.241999999999962,"failureMessages":[],"meta":{},"tags":[]},{"ancestorTitles":["Boat Weekly Report Tests","PDF & Localization Assertions"],"fullName":"Boat Weekly Report Tests PDF & Localization Assertions Tamil labels render in PDF correctly","status":"passed","title":"Tamil labels render in PDF correctly","duration":0.23659999999995307,"failureMessages":[],"meta":{},"tags":[]}],"startTime":1775613475501,"endTime":1775613475534.242,"status":"passed","message":"","name":"C:/coding_program_files/FISH_MARKET/client/src/tests/BoatWeeklyReport.test.tsx"},{"assertionResults":[{"ancestorTitles":["LoginPage — 8 UX States"],"fullName":"LoginPage — 8 UX States State 1: renders Google button, divider, phone form and demo pills","status":"passed","title":"State 1: renders Google button, divider, phone form and demo pills","duration":68.4348,"failureMessages":[],"meta":{},"tags":[]},{"ancestorTitles":["LoginPage — 8 UX States"],"fullName":"LoginPage — 8 UX States State 2: shows loading spinner while phone login request is pending","status":"passed","title":"State 2: shows loading spinner while phone login request is pending","duration":32.8108000000002,"failureMessages":[],"meta":{},"tags":[]},{"ancestorTitles":["LoginPage — 8 UX States"],"fullName":"LoginPage — 8 UX States State 3: shows error banner on invalid credentials","status":"passed","title":"State 3: shows error banner on invalid credentials","duration":34.72539999999981,"failureMessages":[],"meta":{},"tags":[]},{"ancestorTitles":["LoginPage — 8 UX States"],"fullName":"LoginPage — 8 UX States State 4: shows Google verifying spinner when googleLoading=true","status":"passed","title":"State 4: shows Google verifying spinner when googleLoading=true","duration":9.258499999999913,"failureMessages":[],"meta":{},"tags":[]},{"ancestorTitles":["LoginPage — 8 UX States"],"fullName":"LoginPage — 8 UX States State 5: calls login() after successful Google auth","status":"passed","title":"State 5: calls login() after successful Google auth","duration":8.23869999999988,"failureMessages":[],"meta":{},"tags":[]},{"ancestorTitles":["LoginPage — 8 UX States"],"fullName":"LoginPage — 8 UX States State 6: shows Google error message","status":"passed","title":"State 6: shows Google error message","duration":9.322400000000016,"failureMessages":[],"meta":{},"tags":[]},{"ancestorTitles":["LoginPage — 8 UX States"],"fullName":"LoginPage — 8 UX States State 7: shows popup-blocked warning banner","status":"passed","title":"State 7: shows popup-blocked warning banner","duration":9.385600000000068,"failureMessages":[],"meta":{},"tags":[]},{"ancestorTitles":["LoginPage — 8 UX States"],"fullName":"LoginPage — 8 UX States State 8: shows role selection modal for new Google users","status":"passed","title":"State 8: shows role selection modal for new Google users","duration":58.35140000000001,"failureMessages":[],"meta":{},"tags":[]}],"startTime":1775613476097,"endTime":1775613476328.3513,"status":"passed","message":"","name":"C:/coding_program_files/FISH_MARKET/client/src/tests/LoginPage.test.tsx"},{"assertionResults":[{"ancestorTitles":["offlineStorage robustness tests"],"fullName":"offlineStorage robustness tests should add a pending sale and retrieve it","status":"passed","title":"should add a pending sale and retrieve it","duration":11.119100000000117,"failureMessages":[],"meta":{},"tags":[]},{"ancestorTitles":["offlineStorage robustness tests"],"fullName":"offlineStorage robustness tests should smoothly simulate status updates on severe network drop","status":"passed","title":"should smoothly simulate status updates on severe network drop","duration":3.0850000000000364,"failureMessages":[],"meta":{},"tags":[]},{"ancestorTitles":["offlineStorage robustness tests"],"fullName":"offlineStorage robustness tests should simulate successful network recovery and queue purge","status":"passed","title":"should simulate successful network recovery and queue purge","duration":1.4050999999999476,"failureMessages":[],"meta":{},"tags":[]},{"ancestorTitles":["offlineStorage robustness tests"],"fullName":"offlineStorage robustness tests should handle simultaneous offline operations seamlessly","status":"passed","title":"should handle simultaneous offline operations seamlessly","duration":2.0020999999999276,"failureMessages":[],"meta":{},"tags":[]}],"startTime":1775613475577,"endTime":1775613475595.0022,"status":"passed","message":"","name":"C:/coding_program_files/FISH_MARKET/client/src/tests/offlineStorage.test.ts"},{"assertionResults":[{"ancestorTitles":["Voice Integration Hook"],"fullName":"Voice Integration Hook should initialize and start listening","status":"passed","title":"should initialize and start listening","duration":15.340499999999793,"failureMessages":[],"meta":{},"tags":[]},{"ancestorTitles":["Voice Integration Hook"],"fullName":"Voice Integration Hook should respect the 10s session timeout","status":"passed","title":"should respect the 10s session timeout","duration":2.815599999999904,"failureMessages":[],"meta":{},"tags":[]}],"startTime":1775613476063,"endTime":1775613476080.8157,"status":"passed","message":"","name":"C:/coding_program_files/FISH_MARKET/client/src/tests/voiceIntegration.test.ts"},{"assertionResults":[{"ancestorTitles":["Confidence Scoring"],"fullName":"Confidence Scoring \"vanjaram 10 kg rate 600\" → score ≥ 80 → auto_fill","status":"passed","title":"\"vanjaram 10 kg rate 600\" → score ≥ 80 → auto_fill","duration":5.305299999999988,"failureMessages":[],"meta":{},"tags":[]},{"ancestorTitles":["Confidence Scoring"],"fullName":"Confidence Scoring \"vanjaram 10 kg\" (no rate) → score 60-79 → confirm","status":"passed","title":"\"vanjaram 10 kg\" (no rate) → score 60-79 → confirm","duration":1.6940999999999349,"failureMessages":[],"meta":{},"tags":[]},{"ancestorTitles":["Confidence Scoring"],"fullName":"Confidence Scoring \"vanjaram only\" (no weight/rate) → score < 60 → manual","status":"passed","title":"\"vanjaram only\" (no weight/rate) → score < 60 → manual","duration":0.5434999999999945,"failureMessages":[],"meta":{},"tags":[]},{"ancestorTitles":["Confidence Scoring"],"fullName":"Confidence Scoring \"hello test random noise\" → score near 0 → manual","status":"passed","title":"\"hello test random noise\" → score near 0 → manual","duration":3.7588999999998123,"failureMessages":[],"meta":{},"tags":[]},{"ancestorTitles":["Confidence Scoring"],"fullName":"Confidence Scoring Confidence breakdown sums to total","status":"passed","title":"Confidence breakdown sums to total","duration":0.463799999999992,"failureMessages":[],"meta":{},"tags":[]},{"ancestorTitles":["Fish Name Detection"],"fullName":"Fish Name Detection \"vanajram\" typo → fuzzy → resolves to vanjaram","status":"passed","title":"\"vanajram\" typo → fuzzy → resolves to vanjaram","duration":0.34140000000002146,"failureMessages":[],"meta":{},"tags":[]},{"ancestorTitles":["Fish Name Detection"],"fullName":"Fish Name Detection \"வஞ்சரம்\" Tamil → resolves to vanjaram","status":"passed","title":"\"வஞ்சரம்\" Tamil → resolves to vanjaram","duration":1.6340999999999894,"failureMessages":[],"meta":{},"tags":[]},{"ancestorTitles":["Fish Name Detection"],"fullName":"Fish Name Detection \"king fish\" alias → resolves to vanjaram","status":"passed","title":"\"king fish\" alias → resolves to vanjaram","duration":0.3571999999999207,"failureMessages":[],"meta":{},"tags":[]},{"ancestorTitles":["Fish Name Detection"],"fullName":"Fish Name Detection \"soodai\" alias → resolves to choodai","status":"passed","title":"\"soodai\" alias → resolves to choodai","duration":0.383199999999988,"failureMessages":[],"meta":{},"tags":[]},{"ancestorTitles":["Fish Name Detection"],"fullName":"Fish Name Detection \"mackerel\" → resolves to vangada","status":"passed","title":"\"mackerel\" → resolves to vangada","duration":0.3475999999998294,"failureMessages":[],"meta":{},"tags":[]},{"ancestorTitles":["Fish Name Detection"],"fullName":"Fish Name Detection \"red snapper\" → resolves to sankara","status":"passed","title":"\"red snapper\" → resolves to sankara","duration":0.2591000000002168,"failureMessages":[],"meta":{},"tags":[]},{"ancestorTitles":["Fish Name Detection"],"fullName":"Fish Name Detection \"இறால்\" Tamil → resolves to prawn","status":"passed","title":"\"இறால்\" Tamil → resolves to prawn","duration":0.33890000000019427,"failureMessages":[],"meta":{},"tags":[]},{"ancestorTitles":["Fish Name Detection"],"fullName":"Fish Name Detection \"pomfret\" → resolves to nei_meen","status":"passed","title":"\"pomfret\" → resolves to nei_meen","duration":0.28110000000015134,"failureMessages":[],"meta":{},"tags":[]},{"ancestorTitles":["Fish Name Detection"],"fullName":"Fish Name Detection Unknown fish → fish is undefined","status":"passed","title":"Unknown fish → fish is undefined","duration":2.5830000000000837,"failureMessages":[],"meta":{},"tags":[]},{"ancestorTitles":["Fish Name Detection"],"fullName":"Fish Name Detection All dictionary entries have avgRate > 0","status":"passed","title":"All dictionary entries have avgRate > 0","duration":0.6519000000000688,"failureMessages":[],"meta":{},"tags":[]},{"ancestorTitles":["Weight Extraction"],"fullName":"Weight Extraction \"பத்து கிலோ\" → 10 kg","status":"passed","title":"\"பத்து கிலோ\" → 10 kg","duration":0.3524999999999636,"failureMessages":[],"meta":{},"tags":[]},{"ancestorTitles":["Weight Extraction"],"fullName":"Weight Extraction \"பத்து அரை\" → 10.5 kg","status":"passed","title":"\"பத்து அரை\" → 10.5 kg","duration":0.2898000000000138,"failureMessages":[],"meta":{},"tags":[]},{"ancestorTitles":["Weight Extraction"],"fullName":"Weight Extraction \"15.5 kg\" → 15.5","status":"passed","title":"\"15.5 kg\" → 15.5","duration":0.1978999999998905,"failureMessages":[],"meta":{},"tags":[]},{"ancestorTitles":["Weight Extraction"],"fullName":"Weight Extraction \"20kg\" (no space) → 20","status":"passed","title":"\"20kg\" (no space) → 20","duration":0.16360000000008768,"failureMessages":[],"meta":{},"tags":[]},{"ancestorTitles":["Weight Extraction"],"fullName":"Weight Extraction \"50 kilo\" → 50","status":"passed","title":"\"50 kilo\" → 50","duration":0.1550999999999476,"failureMessages":[],"meta":{},"tags":[]},{"ancestorTitles":["Rate Extraction"],"fullName":"Rate Extraction \"rate 600\" → ₹600","status":"passed","title":"\"rate 600\" → ₹600","duration":0.22319999999990614,"failureMessages":[],"meta":{},"tags":[]},{"ancestorTitles":["Rate Extraction"],"fullName":"Rate Extraction \"ரேட் 450\" → ₹450","status":"passed","title":"\"ரேட் 450\" → ₹450","duration":0.3320000000001073,"failureMessages":[],"meta":{},"tags":[]},{"ancestorTitles":["Rate Extraction"],"fullName":"Rate Extraction \"at 380\" → ₹380","status":"passed","title":"\"at 380\" → ₹380","duration":0.1811999999999898,"failureMessages":[],"meta":{},"tags":[]},{"ancestorTitles":["Rate Extraction"],"fullName":"Rate Extraction \"price 200\" → ₹200","status":"passed","title":"\"price 200\" → ₹200","duration":0.1489000000001397,"failureMessages":[],"meta":{},"tags":[]},{"ancestorTitles":["Rate Extraction"],"fullName":"Rate Extraction Rate out of range (> 9999) → ignored","status":"passed","title":"Rate out of range (> 9999) → ignored","duration":0.18900000000007822,"failureMessages":[],"meta":{},"tags":[]},{"ancestorTitles":["Buyer Extraction"],"fullName":"Buyer Extraction \"buyer Rajan\" → buyer is Rajan","status":"passed","title":"\"buyer Rajan\" → buyer is Rajan","duration":0.1870000000001255,"failureMessages":[],"meta":{},"tags":[]},{"ancestorTitles":["Buyer Extraction"],"fullName":"Buyer Extraction \"for Kumar\" → buyer is Kumar","status":"passed","title":"\"for Kumar\" → buyer is Kumar","duration":0.14990000000011605,"failureMessages":[],"meta":{},"tags":[]},{"ancestorTitles":["Buyer Extraction"],"fullName":"Buyer Extraction No buyer keyword → buyer is undefined","status":"passed","title":"No buyer keyword → buyer is undefined","duration":0.15260000000012042,"failureMessages":[],"meta":{},"tags":[]},{"ancestorTitles":["Expense Detection"],"fullName":"Expense Detection \"diesel 500\" → EXPENSE diesel ₹500","status":"passed","title":"\"diesel 500\" → EXPENSE diesel ₹500","duration":0.47420000000010987,"failureMessages":[],"meta":{},"tags":[]},{"ancestorTitles":["Expense Detection"],"fullName":"Expense Detection \"டீசல் 300\" Tamil → EXPENSE diesel","status":"passed","title":"\"டீசல் 300\" Tamil → EXPENSE diesel","duration":0.35940000000005057,"failureMessages":[],"meta":{},"tags":[]},{"ancestorTitles":["Expense Detection"],"fullName":"Expense Detection \"ice 200\" → EXPENSE ice","status":"passed","title":"\"ice 200\" → EXPENSE ice","duration":0.2076999999999316,"failureMessages":[],"meta":{},"tags":[]},{"ancestorTitles":["Command Detection"],"fullName":"Command Detection \"save\" → COMMAND save","status":"passed","title":"\"save\" → COMMAND save","duration":0.1410000000000764,"failureMessages":[],"meta":{},"tags":[]},{"ancestorTitles":["Command Detection"],"fullName":"Command Detection \"சேமி\" Tamil → COMMAND save","status":"passed","title":"\"சேமி\" Tamil → COMMAND save","duration":0.11590000000001055,"failureMessages":[],"meta":{},"tags":[]},{"ancestorTitles":["Command Detection"],"fullName":"Command Detection \"undo\" → COMMAND delete","status":"passed","title":"\"undo\" → COMMAND delete","duration":0.10770000000002256,"failureMessages":[],"meta":{},"tags":[]},{"ancestorTitles":["Compound Input Parsing"],"fullName":"Compound Input Parsing \"vanjaram 10 kg rate 600 and diesel 500\" → SALE + EXPENSE","status":"passed","title":"\"vanjaram 10 kg rate 600 and diesel 500\" → SALE + EXPENSE","duration":1.711699999999837,"failureMessages":[],"meta":{},"tags":[]},{"ancestorTitles":["Compound Input Parsing"],"fullName":"Compound Input Parsing Two sales split by comma → 2 SALE results","status":"passed","title":"Two sales split by comma → 2 SALE results","duration":0.5405000000000655,"failureMessages":[],"meta":{},"tags":[]},{"ancestorTitles":["Levenshtein Distance"],"fullName":"Levenshtein Distance \"vanajram\" vs \"vanjaram\" → distance ≤ 2","status":"passed","title":"\"vanajram\" vs \"vanjaram\" → distance ≤ 2","duration":0.3304000000000542,"failureMessages":[],"meta":{},"tags":[]},{"ancestorTitles":["Levenshtein Distance"],"fullName":"Levenshtein Distance \"soodai\" vs \"choodai\" → distance ≤ 2","status":"passed","title":"\"soodai\" vs \"choodai\" → distance ≤ 2","duration":0.1877999999999247,"failureMessages":[],"meta":{},"tags":[]},{"ancestorTitles":["Levenshtein Distance"],"fullName":"Levenshtein Distance Identical strings → distance 0","status":"passed","title":"Identical strings → distance 0","duration":0.1874000000000251,"failureMessages":[],"meta":{},"tags":[]},{"ancestorTitles":["Levenshtein Distance"],"fullName":"Levenshtein Distance Completely different → high distance","status":"passed","title":"Completely different → high distance","duration":0.13160000000016225,"failureMessages":[],"meta":{},"tags":[]},{"ancestorTitles":["Average Rate Suggestions"],"fullName":"Average Rate Suggestions \"vanjaram 10 kg\" (no rate) → warning includes avg rate ₹600","status":"passed","title":"\"vanjaram 10 kg\" (no rate) → warning includes avg rate ₹600","duration":0.4076000000000022,"failureMessages":[],"meta":{},"tags":[]},{"ancestorTitles":["Average Rate Suggestions"],"fullName":"Average Rate Suggestions \"prawn 5 kg\" → warning includes ₹700","status":"passed","title":"\"prawn 5 kg\" → warning includes ₹700","duration":0.3124000000000251,"failureMessages":[],"meta":{},"tags":[]},{"ancestorTitles":["Average Rate Suggestions"],"fullName":"Average Rate Suggestions When rate provided → no avg rate warning","status":"passed","title":"When rate provided → no avg rate warning","duration":0.2624999999998181,"failureMessages":[],"meta":{},"tags":[]},{"ancestorTitles":["Tamil Number Parser"],"fullName":"Tamil Number Parser \"பத்து\" → 10","status":"passed","title":"\"பத்து\" → 10","duration":0.15619999999989886,"failureMessages":[],"meta":{},"tags":[]},{"ancestorTitles":["Tamil Number Parser"],"fullName":"Tamil Number Parser \"இருபது\" → 20","status":"passed","title":"\"இருபது\" → 20","duration":0.12339999999994689,"failureMessages":[],"meta":{},"tags":[]},{"ancestorTitles":["Tamil Number Parser"],"fullName":"Tamil Number Parser \"நூறு\" → 100","status":"passed","title":"\"நூறு\" → 100","duration":0.11310000000003129,"failureMessages":[],"meta":{},"tags":[]},{"ancestorTitles":["Tamil Number Parser"],"fullName":"Tamil Number Parser \"ஆயிரம்\" → 1000","status":"passed","title":"\"ஆயிரம்\" → 1000","duration":0.1355999999998403,"failureMessages":[],"meta":{},"tags":[]},{"ancestorTitles":["Tamil Number Parser"],"fullName":"Tamil Number Parser Unknown word → null","status":"passed","title":"Unknown word → null","duration":0.2759000000000924,"failureMessages":[],"meta":{},"tags":[]}],"startTime":1775613475618,"endTime":1775613475648.276,"status":"passed","message":"","name":"C:/coding_program_files/FISH_MARKET/client/src/tests/voiceParser.test.ts"}]}